#
# A fatal error has been detected by the Java Runtime Environment:
#
#  SIGSEGV (0xb) at pc=0x0000000109cf9003, pid=93098, tid=0x0000000000000e03
#
# JRE version: Java(TM) SE Runtime Environment (8.0_102-b14) (build 1.8.0_102-b14)
# Java VM: Java HotSpot(TM) 64-Bit Server VM (25.102-b14 mixed mode bsd-amd64 compressed oops)
# Problematic frame:
# V  [libjvm.dylib+0x317003]
#
# Failed to write core dump. Core dumps have been disabled. To enable core dumping, try "ulimit -c unlimited" before starting Java again
#
# If you would like to submit a bug report, please visit:
#   http://bugreport.java.com/bugreport/crash.jsp
#

---------------  T H R E A D  ---------------

Current thread (0x00007fc3e4003000):  JavaThread "main" [_thread_in_vm, id=3587, stack(0x00007000009a0000,0x0000700000aa0000)]

siginfo: si_signo: 11 (SIGSEGV), si_code: 1 (SEGV_MAPERR), si_addr: 0x0000000000000000

Registers:
RAX=0x0000000109fdf0d3, RBX=0x0000700000a9f2d0, RCX=0x00007fc3e4003000, RDX=0x0000000000000000
RSP=0x0000700000a9f080, RBP=0x0000700000a9f130, RSI=0x00007fc3e3701e40, RDI=0x00007fc3e40031f8
R8 =0x0000000109cf8f91, R9 =0x0000700000a9f2d0, R10=0xcda71427331b00e2, R11=0x000000010a2d2e70
R12=0x00007fc3e40031f8, R13=0x00007fc3e4003000, R14=0x0000000000000000, R15=0x00007fc3e3701e40
RIP=0x0000000109cf9003, EFLAGS=0x0000000000010202, ERR=0x0000000000000004
  TRAPNO=0x000000000000000e

Top of Stack: (sp=0x0000700000a9f080)
0x0000700000a9f080:   00007fc3e3601920 0000700000a9efc0
0x0000700000a9f090:   0000000000000001 0000000000000001
0x0000700000a9f0a0:   0000700000a9f0d0 0000000109b4bee5
0x0000700000a9f0b0:   00000001245fdb38 00000007c007d610
0x0000700000a9f0c0:   0000000000000000 000000070000000e
0x0000700000a9f0d0:   0000700000a9f120 00007fc3e4003000
0x0000700000a9f0e0:   00007fc3e3601910 00000001000002df
0x0000700000a9f0f0:   0000000109fdf0d3 00007fc3e4003000
0x0000700000a9f100:   00007fc3e4003000 00000001245fd4e8
0x0000700000a9f110:   0000000000000000 00000001245fd4e8
0x0000700000a9f120:   0000700000a9f8d0 00007fc3e4003000
0x0000700000a9f130:   0000700000a9f2f0 0000000127197ac9
0x0000700000a9f140:   00000001245fdb38 0000000109cf8f91
0x0000700000a9f150:   00007fc3e3701e40 0000000000000000
0x0000700000a9f160:   00007fc3e35087d0 00000007c007d610
0x0000700000a9f170:   000000076b0bdc48 00007fc3e40031f8
0x0000700000a9f180:   0000ff00ff000000 0000000000000000
0x0000700000a9f190:   6176616a2f737265 6b726f772f65725f
0x0000700000a9f1a0:   2d382f6563617073 2d646c6975622d32
0x0000700000a9f1b0:   782d78736f63616d 646a2f34365f3638
0x0000700000a9f1c0:   372f32303175386b 73746f682f383632
0x0000700000a9f1d0:   78736f63616d2d64 2f34365f3638782d
0x0000700000a9f1e0:   32303175386b646a 6f682f383632372f
0x0000700000a9f1f0:   72732f746f707374 2f65726168732f63
0x0000700000a9f200:   00007fc3e351e120 0000000000000010
0x0000700000a9f210:   0000700000a9f270 00007fc3e35087d0
0x0000700000a9f220:   00000007c007d610 000000076b0bdc48
0x0000700000a9f230:   00007fc3e4003000 00007fc3e4003000
0x0000700000a9f240:   00007fc3e4003000 00000001245fd4e8
0x0000700000a9f250:   0000000000000000 00000001245fd4e8
0x0000700000a9f260:   0000700000a9f8d0 00007fc3e4003000
0x0000700000a9f270:   0000700000a9f2b0 000000012719960d 

Instructions: (pc=0x0000000109cf9003)
0x0000000109cf8fe3:   74 09 48 8d 7d a8 e8 98 12 1a 00 4c 89 e7 4c 89
0x0000000109cf8ff3:   fe 4c 89 f2 90 0f 1f 40 00 c7 45 98 0e 00 00 00
0x0000000109cf9003:   49 8b 06 48 8b 40 08 0f b7 48 24 48 8b 40 08 48
0x0000000109cf9013:   8b 74 c8 50 48 8d 85 58 ff ff ff 48 89 c7 e8 8e 

Register to memory mapping:

RAX=0x0000000109fdf0d3: _ZN13JfrRepository27chunk_file_jfr_ext_dot_partE+0xb84 in /Library/Java/JavaVirtualMachines/jdk1.8.0_102.jdk/Contents/Home/jre/lib/server/libjvm.dylib at 0x00000001099e2000
RBX=0x0000700000a9f2d0 is pointing into the stack for thread: 0x00007fc3e4003000
RCX=0x00007fc3e4003000 is a thread
RDX=0x0000000000000000 is an unknown value
RSP=0x0000700000a9f080 is pointing into the stack for thread: 0x00007fc3e4003000
RBP=0x0000700000a9f130 is pointing into the stack for thread: 0x00007fc3e4003000
RSI=0x00007fc3e3701e40 is a global jni handle
RDI=0x00007fc3e40031f8 is an unknown value
R8 =0x0000000109cf8f91: jni_CallVoidMethodV+0 in /Library/Java/JavaVirtualMachines/jdk1.8.0_102.jdk/Contents/Home/jre/lib/server/libjvm.dylib at 0x00000001099e2000
R9 =0x0000700000a9f2d0 is pointing into the stack for thread: 0x00007fc3e4003000
R10=0xcda71427331b00e2 is an unknown value
R11=0x000000010a2d2e70: _ZN20SafepointSynchronize18_safepoint_counterE+0 in /Library/Java/JavaVirtualMachines/jdk1.8.0_102.jdk/Contents/Home/jre/lib/server/libjvm.dylib at 0x00000001099e2000
R12=0x00007fc3e40031f8 is an unknown value
R13=0x00007fc3e4003000 is a thread
R14=0x0000000000000000 is an unknown value
R15=0x00007fc3e3701e40 is a global jni handle


Stack: [0x00007000009a0000,0x0000700000aa0000],  sp=0x0000700000a9f080,  free space=1020k
Native frames: (J=compiled Java code, j=interpreted, Vv=VM code, C=native code)
V  [libjvm.dylib+0x317003]
C  [libAllogen.Example.Bridge.JNI.dylib+0x9ac9]  _ZN7JNIEnv_14CallVoidMethodEP8_jobjectP10_jmethodIDz+0x189
C  [libAllogen.Example.Bridge.JNI.dylib+0xb44e]  _ZN7Allogen3JNI13FunctionTraitIvE8javaCallIJP8_jobjectEEEvP7JNIEnv_RKNS0_6LambdaEDpOT_+0x4e
C  [libAllogen.Example.Bridge.JNI.dylib+0xb393]  _ZZN7Allogen3JNI9ConverterINSt3__18functionIFvNS_7Example12AnotherClassEEEEvE8fromJavaEP7JNIEnv_NS0_6LambdaEENUlS5_E_clES5_+0x83
C  [libAllogen.Example.Bridge.JNI.dylib+0xb2d7]  _ZNSt3__128__invoke_void_return_wrapperIvE6__callIJRZN7Allogen3JNI9ConverterINS_8functionIFvNS3_7Example12AnotherClassEEEEvE8fromJavaEP7JNIEnv_NS4_6LambdaEEUlS8_E_S8_EEEvDpOT_+0x67
C  [libAllogen.Example.Bridge.JNI.dylib+0xb149]  _ZNSt3__110__function6__funcIZN7Allogen3JNI9ConverterINS_8functionIFvNS2_7Example12AnotherClassEEEEvE8fromJavaEP7JNIEnv_NS3_6LambdaEEUlS7_E_NS_9allocatorISE_EES8_EclEOS7_+0x39
C  [libAllogen.Example.Bridge.JNI.dylib+0xc0c1]  _ZNKSt3__18functionIFvN7Allogen7Example12AnotherClassEEEclES3_+0x91
C  [libAllogen.Example.Bridge.JNI.dylib+0xbffb]  _ZN7Allogen7Example12ExampleClass18createAnotherAsyncERKNSt3__112basic_stringIcNS2_11char_traitsIcEENS2_9allocatorIcEEEENS2_8functionIFvNS0_12AnotherClassEEEE+0x4b
C  [libAllogen.Example.Bridge.JNI.dylib+0x9b4d]  _ZZ52Java_allogen_example_ExampleClass_createAnotherAsyncENK3$_9clEPN7Allogen7Example12ExampleClassENSt3__112basic_stringIcNS4_11char_traitsIcEENS4_9allocatorIcEEEENS4_8functionIFvNS1_12AnotherClassEEEE+0x4d
C  [libAllogen.Example.Bridge.JNI.dylib+0x2fd2]  _ZN7Allogen3JNI13WrappedMethodINS_7Example12ExampleClassEFvNSt3__112basic_stringIcNS4_11char_traitsIcEENS4_9allocatorIcEEEENS4_8functionIFvNS2_12AnotherClassEEEEEE4callIZ52Java_allogen_example_ExampleClass_createAnotherAsyncE3$_9EEvP7JNIEnv_P8_jobjectOT_P8_jstringNS0_6LambdaE+0xd2
C  [libAllogen.Example.Bridge.JNI.dylib+0x2e5b]  Java_allogen_example_ExampleClass_createAnotherAsync+0x1cb
j  allogen.example.ExampleClass.createAnotherAsync(Ljava/lang/String;Lallogen/example/CreateAnotherAsyncCallback;)V+0
j  allogen.example.Test.main([Ljava/lang/String;)V+237
v  ~StubRoutines::call_stub
V  [libjvm.dylib+0x2ed5e2]
V  [libjvm.dylib+0x3243da]
V  [libjvm.dylib+0x31d151]
C  [java+0x3931]  JavaMain+0x9c4
C  [libsystem_pthread.dylib+0x393b]  _pthread_body+0xb4
C  [libsystem_pthread.dylib+0x3887]  _pthread_body+0x0
C  [libsystem_pthread.dylib+0x308d]  thread_start+0xd
C  0x0000000000000000

Java frames: (J=compiled Java code, j=interpreted, Vv=VM code)
j  allogen.example.ExampleClass.createAnotherAsync(Ljava/lang/String;Lallogen/example/CreateAnotherAsyncCallback;)V+0
j  allogen.example.Test.main([Ljava/lang/String;)V+237
v  ~StubRoutines::call_stub

---------------  P R O C E S S  ---------------

Java Threads: ( => current thread )
  0x00007fc3e3822000 JavaThread "Service Thread" daemon [_thread_blocked, id=19203, stack(0x0000700001850000,0x0000700001950000)]
  0x00007fc3e5036000 JavaThread "C1 CompilerThread2" daemon [_thread_blocked, id=18691, stack(0x000070000174d000,0x000070000184d000)]
  0x00007fc3e4834000 JavaThread "C2 CompilerThread1" daemon [_thread_blocked, id=18179, stack(0x000070000164a000,0x000070000174a000)]
  0x00007fc3e489d800 JavaThread "C2 CompilerThread0" daemon [_thread_blocked, id=17667, stack(0x0000700001547000,0x0000700001647000)]
  0x00007fc3e4055800 JavaThread "Monitor Ctrl-Break" daemon [_thread_in_native, id=17155, stack(0x0000700001444000,0x0000700001544000)]
  0x00007fc3e5011000 JavaThread "Signal Dispatcher" daemon [_thread_blocked, id=16643, stack(0x0000700001341000,0x0000700001441000)]
  0x00007fc3e4001800 JavaThread "Finalizer" daemon [_thread_blocked, id=12547, stack(0x000070000123e000,0x000070000133e000)]
  0x00007fc3e3813800 JavaThread "Reference Handler" daemon [_thread_blocked, id=12035, stack(0x000070000113b000,0x000070000123b000)]
=>0x00007fc3e4003000 JavaThread "main" [_thread_in_vm, id=3587, stack(0x00007000009a0000,0x0000700000aa0000)]

Other Threads:
  0x00007fc3e5009800 VMThread [stack: 0x0000700001038000,0x0000700001138000] [id=11523]
  0x00007fc3e5057000 WatcherThread [stack: 0x0000700001953000,0x0000700001a53000] [id=19715]

VM state:not at safepoint (normal execution)

VM Mutex/Monitor currently owned by a thread: None

Heap:
 PSYoungGen      total 76288K, used 6574K [0x000000076ab00000, 0x0000000770000000, 0x00000007c0000000)
  eden space 65536K, 10% used [0x000000076ab00000,0x000000076b16b8a8,0x000000076eb00000)
  from space 10752K, 0% used [0x000000076f580000,0x000000076f580000,0x0000000770000000)
  to   space 10752K, 0% used [0x000000076eb00000,0x000000076eb00000,0x000000076f580000)
 ParOldGen       total 175104K, used 0K [0x00000006c0000000, 0x00000006cab00000, 0x000000076ab00000)
  object space 175104K, 0% used [0x00000006c0000000,0x00000006c0000000,0x00000006cab00000)
 Metaspace       used 4044K, capacity 4766K, committed 4864K, reserved 1056768K
  class space    used 455K, capacity 508K, committed 512K, reserved 1048576K

Card table byte_map: [0x000000010b5f1000,0x000000010bdf2000] byte_map_base: 0x0000000107ff1000

Marking Bits: (ParMarkBitMap*) 0x000000010a2d1d20
 Begin Bits: [0x000000010c348000, 0x0000000110348000)
 End Bits:   [0x0000000110348000, 0x0000000114348000)

Polling page: 0x000000010a9c6000

CodeCache: size=245760Kb used=1513Kb max_used=1513Kb free=244246Kb
 bounds [0x00000001149f9000, 0x0000000114c69000, 0x00000001239f9000]
 total_blobs=506 nmethods=239 adapters=181
 compilation: enabled

Compilation events (10 events):
Event: 0.486 Thread 0x00007fc3e5036000  235       1       java.net.URL::getHost (5 bytes)
Event: 0.486 Thread 0x00007fc3e5036000 nmethod 235 0x0000000114b6d310 code [0x0000000114b6d460, 0x0000000114b6d570]
Event: 0.486 Thread 0x00007fc3e5036000  239       1       java.net.URL::getProtocol (5 bytes)
Event: 0.486 Thread 0x00007fc3e5036000 nmethod 239 0x0000000114b6d050 code [0x0000000114b6d1a0, 0x0000000114b6d2b0]
Event: 0.486 Thread 0x00007fc3e5036000  236       1       java.net.URL::getRef (5 bytes)
Event: 0.486 Thread 0x00007fc3e5036000 nmethod 236 0x0000000114b6cd90 code [0x0000000114b6cee0, 0x0000000114b6cff0]
Event: 0.486 Thread 0x00007fc3e5036000  233       1       java.nio.Buffer::limit (5 bytes)
Event: 0.487 Thread 0x00007fc3e5036000 nmethod 233 0x0000000114b6cad0 code [0x0000000114b6cc20, 0x0000000114b6cd30]
Event: 0.487 Thread 0x00007fc3e5036000  237       1       java.lang.invoke.MethodTypeForm::basicType (5 bytes)
Event: 0.487 Thread 0x00007fc3e5036000 nmethod 237 0x0000000114b6c810 code [0x0000000114b6c960, 0x0000000114b6ca70]

GC Heap History (0 events):
No events

Deoptimization events (0 events):
No events

Internal exceptions (6 events):
Event: 0.052 Thread 0x00007fc3e4003000 Exception <a 'java/lang/NoSuchMethodError': Method sun.misc.Unsafe.defineClass(Ljava/lang/String;[BII)Ljava/lang/Class; name or signature does not match> (0x000000076ab07c78) thrown at [/Users/java_re/workspace/8-2-build-macosx-x86_64/jdk8u102/7268/hotspo
Event: 0.052 Thread 0x00007fc3e4003000 Exception <a 'java/lang/NoSuchMethodError': Method sun.misc.Unsafe.prefetchRead(Ljava/lang/Object;J)V name or signature does not match> (0x000000076ab07f60) thrown at [/Users/java_re/workspace/8-2-build-macosx-x86_64/jdk8u102/7268/hotspot/src/share/vm/pri
Event: 0.424 Thread 0x00007fc3e4003000 Exception <a 'java/lang/NoSuchFieldError': method resolution failed> (0x000000076aeb0a98) thrown at [/Users/java_re/workspace/8-2-build-macosx-x86_64/jdk8u102/7268/hotspot/src/share/vm/prims/methodHandles.cpp, line 1146]
Event: 0.427 Thread 0x00007fc3e4003000 Exception <a 'java/lang/NoSuchFieldError': method resolution failed> (0x000000076aebe940) thrown at [/Users/java_re/workspace/8-2-build-macosx-x86_64/jdk8u102/7268/hotspot/src/share/vm/prims/methodHandles.cpp, line 1146]
Event: 0.488 Thread 0x00007fc3e4003000 Exception <a 'java/lang/NoSuchMethodError': createAnother> (0x000000076b0bd5d0) thrown at [/Users/java_re/workspace/8-2-build-macosx-x86_64/jdk8u102/7268/hotspot/src/share/vm/prims/jni.cpp, line 1581]
Event: 0.488 Thread 0x00007fc3e4003000 Exception <a 'java/lang/NoSuchMethodError': createAnother.(LAllogen/Example/AnotherClass;)V> (0x000000076b0bda40) thrown at [/Users/java_re/workspace/8-2-build-macosx-x86_64/jdk8u102/7268/hotspot/src/share/vm/prims/jni.cpp, line 735]

Events (10 events):
Event: 0.484 loading class allogen/example/AnotherClass
Event: 0.484 loading class allogen/example/AnotherClass done
Event: 0.484 loading class allogen/example/AnotherClass
Event: 0.484 loading class allogen/example/AnotherClass done
Event: 0.484 loading class allogen/example/AnotherClass
Event: 0.484 loading class allogen/example/AnotherClass done
Event: 0.485 loading class allogen/example/ExampleClass
Event: 0.485 loading class allogen/example/ExampleClass done
Event: 0.485 loading class allogen/example/CreateAnotherAsyncCallback
Event: 0.485 loading class allogen/example/CreateAnotherAsyncCallback done


Dynamic libraries:
0x00000000307c6000 	/System/Library/Frameworks/Cocoa.framework/Versions/A/Cocoa
0x00000000307c6000 	/System/Library/Frameworks/Security.framework/Versions/A/Security
0x00000000307c6000 	/System/Library/Frameworks/ApplicationServices.framework/Versions/A/ApplicationServices
0x00000000307c6000 	/usr/lib/libz.1.dylib
0x00000000307c6000 	/usr/lib/libSystem.B.dylib
0x00000000307c6000 	/usr/lib/libobjc.A.dylib
0x00000000307c6000 	/System/Library/Frameworks/CoreFoundation.framework/Versions/A/CoreFoundation
0x00000000307c6000 	/System/Library/Frameworks/Foundation.framework/Versions/C/Foundation
0x00000000307c6000 	/System/Library/Frameworks/AppKit.framework/Versions/C/AppKit
0x00000000307c6000 	/System/Library/Frameworks/CoreData.framework/Versions/A/CoreData
0x00000000307c6000 	/System/Library/PrivateFrameworks/RemoteViewServices.framework/Versions/A/RemoteViewServices
0x00000000307c6000 	/System/Library/PrivateFrameworks/UIFoundation.framework/Versions/A/UIFoundation
0x00000000307c6000 	/System/Library/PrivateFrameworks/DFRFoundation.framework/Versions/A/DFRFoundation
0x00000000307c6000 	/usr/lib/libenergytrace.dylib
0x00000000307c6000 	/System/Library/PrivateFrameworks/SkyLight.framework/Versions/A/SkyLight
0x00000000307c6000 	/System/Library/Frameworks/CoreGraphics.framework/Versions/A/CoreGraphics
0x00000000307c6000 	/usr/lib/libScreenReader.dylib
0x00000000307c6000 	/System/Library/Frameworks/Accelerate.framework/Versions/A/Accelerate
0x00000000307c6000 	/System/Library/Frameworks/IOSurface.framework/Versions/A/IOSurface
0x00000000307c6000 	/System/Library/Frameworks/AudioToolbox.framework/Versions/A/AudioToolbox
0x00000000307c6000 	/System/Library/Frameworks/AudioUnit.framework/Versions/A/AudioUnit
0x00000000307c6000 	/System/Library/PrivateFrameworks/DataDetectorsCore.framework/Versions/A/DataDetectorsCore
0x00000000307c6000 	/System/Library/PrivateFrameworks/DesktopServicesPriv.framework/Versions/A/DesktopServicesPriv
0x00000000307c6000 	/System/Library/Frameworks/Carbon.framework/Versions/A/Frameworks/HIToolbox.framework/Versions/A/HIToolbox
0x00000000307c6000 	/usr/lib/libicucore.A.dylib
0x00000000307c6000 	/System/Library/Frameworks/QuartzCore.framework/Versions/A/QuartzCore
0x00000000307c6000 	/System/Library/Frameworks/Carbon.framework/Versions/A/Frameworks/SpeechRecognition.framework/Versions/A/SpeechRecognition
0x00000000307c6000 	/usr/lib/libauto.dylib
0x00000000307c6000 	/usr/lib/libxml2.2.dylib
0x00000000307c6000 	/System/Library/PrivateFrameworks/CoreUI.framework/Versions/A/CoreUI
0x00000000307c6000 	/System/Library/Frameworks/CoreAudio.framework/Versions/A/CoreAudio
0x00000000307c6000 	/System/Library/Frameworks/DiskArbitration.framework/Versions/A/DiskArbitration
0x00000000307c6000 	/usr/lib/liblangid.dylib
0x00000000307c6000 	/System/Library/PrivateFrameworks/MultitouchSupport.framework/Versions/A/MultitouchSupport
0x00000000307c6000 	/System/Library/Frameworks/IOKit.framework/Versions/A/IOKit
0x00000000307c6000 	/usr/lib/libDiagnosticMessagesClient.dylib
0x00000000307c6000 	/System/Library/Frameworks/CoreServices.framework/Versions/A/CoreServices
0x00000000307c6000 	/System/Library/PrivateFrameworks/PerformanceAnalysis.framework/Versions/A/PerformanceAnalysis
0x00000000307c6000 	/System/Library/PrivateFrameworks/GenerationalStorage.framework/Versions/A/GenerationalStorage
0x00000000307c6000 	/System/Library/Frameworks/OpenGL.framework/Versions/A/OpenGL
0x00000000307c6000 	/System/Library/Frameworks/CoreImage.framework/Versions/A/CoreImage
0x00000000307c6000 	/System/Library/Frameworks/CoreText.framework/Versions/A/CoreText
0x00000000307c6000 	/System/Library/Frameworks/ImageIO.framework/Versions/A/ImageIO
0x00000000307c6000 	/System/Library/PrivateFrameworks/Backup.framework/Versions/A/Backup
0x00000000307c6000 	/usr/lib/libarchive.2.dylib
0x00000000307c6000 	/System/Library/Frameworks/CFNetwork.framework/Versions/A/CFNetwork
0x00000000307c6000 	/System/Library/Frameworks/SystemConfiguration.framework/Versions/A/SystemConfiguration
0x00000000307c6000 	/usr/lib/libCRFSuite.dylib
0x00000000307c6000 	/usr/lib/libc++.1.dylib
0x00000000307c6000 	/usr/lib/libc++abi.dylib
0x00000000307c6000 	/usr/lib/system/libcache.dylib
0x00000000307c6000 	/usr/lib/system/libcommonCrypto.dylib
0x00000000307c6000 	/usr/lib/system/libcompiler_rt.dylib
0x00000000307c6000 	/usr/lib/system/libcopyfile.dylib
0x00000000307c6000 	/usr/lib/system/libcorecrypto.dylib
0x00000000307c6000 	/usr/lib/system/libdispatch.dylib
0x00000000307c6000 	/usr/lib/system/libdyld.dylib
0x00000000307c6000 	/usr/lib/system/libkeymgr.dylib
0x00000000307c6000 	/usr/lib/system/liblaunch.dylib
0x00000000307c6000 	/usr/lib/system/libmacho.dylib
0x00000000307c6000 	/usr/lib/system/libquarantine.dylib
0x00000000307c6000 	/usr/lib/system/libremovefile.dylib
0x00000000307c6000 	/usr/lib/system/libsystem_asl.dylib
0x00000000307c6000 	/usr/lib/system/libsystem_blocks.dylib
0x00000000307c6000 	/usr/lib/system/libsystem_c.dylib
0x00000000307c6000 	/usr/lib/system/libsystem_configuration.dylib
0x00000000307c6000 	/usr/lib/system/libsystem_coreservices.dylib
0x00000000307c6000 	/usr/lib/system/libsystem_coretls.dylib
0x00000000307c6000 	/usr/lib/system/libsystem_dnssd.dylib
0x00000000307c6000 	/usr/lib/system/libsystem_info.dylib
0x00000000307c6000 	/usr/lib/system/libsystem_kernel.dylib
0x00000000307c6000 	/usr/lib/system/libsystem_m.dylib
0x00000000307c6000 	/usr/lib/system/libsystem_malloc.dylib
0x00000000307c6000 	/usr/lib/system/libsystem_network.dylib
0x00000000307c6000 	/usr/lib/system/libsystem_networkextension.dylib
0x00000000307c6000 	/usr/lib/system/libsystem_notify.dylib
0x00000000307c6000 	/usr/lib/system/libsystem_platform.dylib
0x00000000307c6000 	/usr/lib/system/libsystem_pthread.dylib
0x00000000307c6000 	/usr/lib/system/libsystem_sandbox.dylib
0x00000000307c6000 	/usr/lib/system/libsystem_secinit.dylib
0x00000000307c6000 	/usr/lib/system/libsystem_symptoms.dylib
0x00000000307c6000 	/usr/lib/system/libsystem_trace.dylib
0x00000000307c6000 	/usr/lib/system/libunwind.dylib
0x00000000307c6000 	/usr/lib/system/libxpc.dylib
0x00000000307c6000 	/usr/lib/libbsm.0.dylib
0x00000000307c6000 	/usr/lib/system/libkxld.dylib
0x00000000307c6000 	/usr/lib/libcoretls.dylib
0x00000000307c6000 	/usr/lib/libcoretls_cfhelpers.dylib
0x00000000307c6000 	/usr/lib/libOpenScriptingUtil.dylib
0x00000000307c6000 	/usr/lib/libpam.2.dylib
0x00000000307c6000 	/usr/lib/libsqlite3.dylib
0x00000000307c6000 	/usr/lib/libxar.1.dylib
0x00000000307c6000 	/usr/lib/libbz2.1.0.dylib
0x00000000307c6000 	/usr/lib/liblzma.5.dylib
0x00000000307c6000 	/usr/lib/libnetwork.dylib
0x00000000307c6000 	/usr/lib/libpcap.A.dylib
0x00000000307c6000 	/System/Library/Frameworks/CoreServices.framework/Versions/A/Frameworks/FSEvents.framework/Versions/A/FSEvents
0x00000000307c6000 	/System/Library/Frameworks/CoreServices.framework/Versions/A/Frameworks/CarbonCore.framework/Versions/A/CarbonCore
0x00000000307c6000 	/System/Library/Frameworks/CoreServices.framework/Versions/A/Frameworks/Metadata.framework/Versions/A/Metadata
0x00000000307c6000 	/System/Library/Frameworks/CoreServices.framework/Versions/A/Frameworks/OSServices.framework/Versions/A/OSServices
0x00000000307c6000 	/System/Library/Frameworks/CoreServices.framework/Versions/A/Frameworks/SearchKit.framework/Versions/A/SearchKit
0x00000000307c6000 	/System/Library/Frameworks/CoreServices.framework/Versions/A/Frameworks/AE.framework/Versions/A/AE
0x00000000307c6000 	/System/Library/Frameworks/CoreServices.framework/Versions/A/Frameworks/LaunchServices.framework/Versions/A/LaunchServices
0x00000000307c6000 	/System/Library/Frameworks/CoreServices.framework/Versions/A/Frameworks/DictionaryServices.framework/Versions/A/DictionaryServices
0x00000000307c6000 	/System/Library/Frameworks/CoreServices.framework/Versions/A/Frameworks/SharedFileList.framework/Versions/A/SharedFileList
0x00000000307c6000 	/System/Library/Frameworks/NetFS.framework/Versions/A/NetFS
0x00000000307c6000 	/System/Library/PrivateFrameworks/NetAuth.framework/Versions/A/NetAuth
0x00000000307c6000 	/System/Library/PrivateFrameworks/login.framework/Versions/A/Frameworks/loginsupport.framework/Versions/A/loginsupport
0x00000000307c6000 	/System/Library/PrivateFrameworks/TCC.framework/Versions/A/TCC
0x00000000307c6000 	/usr/lib/libmecabra.dylib
0x00000000307c6000 	/System/Library/Frameworks/ApplicationServices.framework/Versions/A/Frameworks/ATS.framework/Versions/A/ATS
0x00000000307c6000 	/System/Library/Frameworks/ApplicationServices.framework/Versions/A/Frameworks/ColorSync.framework/Versions/A/ColorSync
0x00000000307c6000 	/System/Library/Frameworks/ApplicationServices.framework/Versions/A/Frameworks/HIServices.framework/Versions/A/HIServices
0x00000000307c6000 	/System/Library/Frameworks/ApplicationServices.framework/Versions/A/Frameworks/LangAnalysis.framework/Versions/A/LangAnalysis
0x00000000307c6000 	/System/Library/Frameworks/ApplicationServices.framework/Versions/A/Frameworks/PrintCore.framework/Versions/A/PrintCore
0x00000000307c6000 	/System/Library/Frameworks/ApplicationServices.framework/Versions/A/Frameworks/QD.framework/Versions/A/QD
0x00000000307c6000 	/System/Library/Frameworks/ApplicationServices.framework/Versions/A/Frameworks/SpeechSynthesis.framework/Versions/A/SpeechSynthesis
0x00000000307c6000 	/System/Library/Frameworks/Accelerate.framework/Versions/A/Frameworks/vImage.framework/Versions/A/vImage
0x00000000307c6000 	/System/Library/Frameworks/Accelerate.framework/Versions/A/Frameworks/vecLib.framework/Versions/A/vecLib
0x00000000307c6000 	/System/Library/Frameworks/Accelerate.framework/Versions/A/Frameworks/vecLib.framework/Versions/A/libvDSP.dylib
0x00000000307c6000 	/System/Library/Frameworks/Accelerate.framework/Versions/A/Frameworks/vecLib.framework/Versions/A/libBNNS.dylib
0x00000000307c6000 	/System/Library/Frameworks/Accelerate.framework/Versions/A/Frameworks/vecLib.framework/Versions/A/libQuadrature.dylib
0x00000000307c6000 	/System/Library/Frameworks/Accelerate.framework/Versions/A/Frameworks/vecLib.framework/Versions/A/libvMisc.dylib
0x00000000307c6000 	/System/Library/Frameworks/Accelerate.framework/Versions/A/Frameworks/vecLib.framework/Versions/A/libLAPACK.dylib
0x00000000307c6000 	/System/Library/Frameworks/Accelerate.framework/Versions/A/Frameworks/vecLib.framework/Versions/A/libBLAS.dylib
0x00000000307c6000 	/System/Library/Frameworks/Accelerate.framework/Versions/A/Frameworks/vecLib.framework/Versions/A/libLinearAlgebra.dylib
0x00000000307c6000 	/System/Library/Frameworks/Accelerate.framework/Versions/A/Frameworks/vecLib.framework/Versions/A/libSparseBLAS.dylib
0x00000000307c6000 	/System/Library/Frameworks/ApplicationServices.framework/Versions/A/Frameworks/ATS.framework/Versions/A/Resources/libFontParser.dylib
0x00000000307c6000 	/System/Library/Frameworks/ApplicationServices.framework/Versions/A/Frameworks/ATS.framework/Versions/A/Resources/libFontRegistry.dylib
0x00000000307c6000 	/System/Library/Frameworks/ImageIO.framework/Versions/A/Resources/libJPEG.dylib
0x00000000307c6000 	/System/Library/Frameworks/ImageIO.framework/Versions/A/Resources/libTIFF.dylib
0x00000000307c6000 	/System/Library/Frameworks/ImageIO.framework/Versions/A/Resources/libPng.dylib
0x00000000307c6000 	/System/Library/Frameworks/ImageIO.framework/Versions/A/Resources/libGIF.dylib
0x00000000307c6000 	/System/Library/Frameworks/ImageIO.framework/Versions/A/Resources/libJP2.dylib
0x00000000307c6000 	/System/Library/Frameworks/ImageIO.framework/Versions/A/Resources/libRadiance.dylib
0x00000000307c6000 	/usr/lib/libcompression.dylib
0x00000000307c6000 	/System/Library/PrivateFrameworks/AppleJPEG.framework/Versions/A/AppleJPEG
0x00000000307c6000 	/usr/lib/libcups.2.dylib
0x00000000307c6000 	/System/Library/Frameworks/Kerberos.framework/Versions/A/Kerberos
0x00000000307c6000 	/System/Library/Frameworks/GSS.framework/Versions/A/GSS
0x00000000307c6000 	/usr/lib/libresolv.9.dylib
0x00000000307c6000 	/usr/lib/libiconv.2.dylib
0x00000000307c6000 	/System/Library/PrivateFrameworks/Heimdal.framework/Versions/A/Heimdal
0x00000000307c6000 	/usr/lib/libheimdal-asn1.dylib
0x00000000307c6000 	/System/Library/Frameworks/OpenDirectory.framework/Versions/A/OpenDirectory
0x00000000307c6000 	/System/Library/PrivateFrameworks/CommonAuth.framework/Versions/A/CommonAuth
0x00000000307c6000 	/System/Library/Frameworks/OpenDirectory.framework/Versions/A/Frameworks/CFOpenDirectory.framework/Versions/A/CFOpenDirectory
0x00000000307c6000 	/System/Library/Frameworks/SecurityFoundation.framework/Versions/A/SecurityFoundation
0x00000000307c6000 	/System/Library/PrivateFrameworks/LanguageModeling.framework/Versions/A/LanguageModeling
0x00000000307c6000 	/usr/lib/libmarisa.dylib
0x00000000307c6000 	/usr/lib/libChineseTokenizer.dylib
0x00000000307c6000 	/usr/lib/libcmph.dylib
0x00000000307c6000 	/System/Library/PrivateFrameworks/CoreEmoji.framework/Versions/A/CoreEmoji
0x00000000307c6000 	/System/Library/Frameworks/ServiceManagement.framework/Versions/A/ServiceManagement
0x00000000307c6000 	/usr/lib/libxslt.1.dylib
0x00000000307c6000 	/System/Library/Frameworks/Carbon.framework/Versions/A/Frameworks/Ink.framework/Versions/A/Ink
0x00000000307c6000 	/System/Library/PrivateFrameworks/TextureIO.framework/Versions/A/TextureIO
0x00000000307c6000 	/System/Library/Frameworks/Metal.framework/Versions/A/Metal
0x00000000307c6000 	/usr/lib/libate.dylib
0x00000000307c6000 	/System/Library/PrivateFrameworks/GPUCompiler.framework/libmetal_timestamp.dylib
0x00000000307c6000 	/System/Library/Frameworks/OpenGL.framework/Versions/A/Libraries/libCoreFSCache.dylib
0x00000000307c6000 	/System/Library/PrivateFrameworks/IOAccelerator.framework/Versions/A/IOAccelerator
0x00000000307c6000 	/System/Library/Frameworks/CoreVideo.framework/Versions/A/CoreVideo
0x00000000307c6000 	/usr/lib/libFosl_dynamic.dylib
0x00000000307c6000 	/System/Library/PrivateFrameworks/MetalPerformanceShaders.framework/Versions/A/MetalPerformanceShaders
0x00000000307c6000 	/System/Library/PrivateFrameworks/FaceCore.framework/Versions/A/FaceCore
0x00000000307c6000 	/System/Library/Frameworks/OpenCL.framework/Versions/A/OpenCL
0x00000000307c6000 	/System/Library/Frameworks/OpenGL.framework/Versions/A/Libraries/libGLU.dylib
0x00000000307c6000 	/System/Library/Frameworks/OpenGL.framework/Versions/A/Libraries/libGFXShared.dylib
0x00000000307c6000 	/System/Library/Frameworks/OpenGL.framework/Versions/A/Libraries/libGL.dylib
0x00000000307c6000 	/System/Library/Frameworks/OpenGL.framework/Versions/A/Libraries/libGLImage.dylib
0x00000000307c6000 	/System/Library/Frameworks/OpenGL.framework/Versions/A/Libraries/libCVMSPluginSupport.dylib
0x00000000307c6000 	/System/Library/Frameworks/OpenGL.framework/Versions/A/Libraries/libCoreVMClient.dylib
0x00000000307c6000 	/System/Library/PrivateFrameworks/CrashReporterSupport.framework/Versions/A/CrashReporterSupport
0x00000000307c6000 	/System/Library/PrivateFrameworks/Sharing.framework/Versions/A/Sharing
0x00000000307c6000 	/System/Library/PrivateFrameworks/IconServices.framework/Versions/A/IconServices
0x00000000307c6000 	/System/Library/PrivateFrameworks/ProtocolBuffer.framework/Versions/A/ProtocolBuffer
0x00000000307c6000 	/System/Library/PrivateFrameworks/Apple80211.framework/Versions/A/Apple80211
0x00000000307c6000 	/System/Library/Frameworks/CoreWLAN.framework/Versions/A/CoreWLAN
0x00000000307c6000 	/System/Library/PrivateFrameworks/CoreUtils.framework/Versions/A/CoreUtils
0x00000000307c6000 	/System/Library/Frameworks/IOBluetooth.framework/Versions/A/IOBluetooth
0x00000000307c6000 	/System/Library/PrivateFrameworks/CoreWiFi.framework/Versions/A/CoreWiFi
0x00000000307c6000 	/System/Library/Frameworks/CoreBluetooth.framework/Versions/A/CoreBluetooth
0x00000000307c6000 	/System/Library/Frameworks/CoreDisplay.framework/Versions/A/CoreDisplay
0x00000000307c6000 	/System/Library/PrivateFrameworks/IOPresentment.framework/Versions/A/IOPresentment
0x00000000307c6000 	/System/Library/PrivateFrameworks/DSExternalDisplay.framework/Versions/A/DSExternalDisplay
0x00000000307c6000 	/System/Library/PrivateFrameworks/DebugSymbols.framework/Versions/A/DebugSymbols
0x00000000307c6000 	/System/Library/PrivateFrameworks/CoreSymbolication.framework/Versions/A/CoreSymbolication
0x00000000307c6000 	/System/Library/PrivateFrameworks/Symbolication.framework/Versions/A/Symbolication
0x00000000307c6000 	/System/Library/PrivateFrameworks/AppleFSCompression.framework/Versions/A/AppleFSCompression
0x00000000307c6000 	/System/Library/PrivateFrameworks/SpeechRecognitionCore.framework/Versions/A/SpeechRecognitionCore
0x00000000307c6000 	/System/Library/PrivateFrameworks/ChunkingLibrary.framework/Versions/A/ChunkingLibrary
0x00000001099e2000 	/Library/Java/JavaVirtualMachines/jdk1.8.0_102.jdk/Contents/Home/jre/lib/server/libjvm.dylib
0x00000000307c6000 	/usr/lib/libstdc++.6.dylib
0x000000010a983000 	/Library/Java/JavaVirtualMachines/jdk1.8.0_102.jdk/Contents/Home/jre/lib/libverify.dylib
0x000000010a991000 	/Library/Java/JavaVirtualMachines/jdk1.8.0_102.jdk/Contents/Home/jre/lib/libjava.dylib
0x000000010a9c7000 	/Library/Java/JavaVirtualMachines/jdk1.8.0_102.jdk/Contents/Home/jre/lib/libinstrument.dylib
0x000000010a9f4000 	/Library/Java/JavaVirtualMachines/jdk1.8.0_102.jdk/Contents/Home/jre/lib/libzip.dylib
0x000000011493f000 	/System/Library/Frameworks/JavaVM.framework/Frameworks/JavaRuntimeSupport.framework/JavaRuntimeSupport
0x0000000114959000 	/System/Library/Frameworks/JavaVM.framework/Versions/A/Frameworks/JavaNativeFoundation.framework/Versions/A/JavaNativeFoundation
0x00000001256f9000 	/System/Library/Frameworks/JavaVM.framework/Versions/A/JavaVM
0x00000000307c6000 	/System/Library/Frameworks/Carbon.framework/Versions/A/Carbon
0x0000000125706000 	/System/Library/PrivateFrameworks/JavaLaunching.framework/Versions/A/JavaLaunching
0x00000000307c6000 	/System/Library/Frameworks/Carbon.framework/Versions/A/Frameworks/CommonPanels.framework/Versions/A/CommonPanels
0x00000000307c6000 	/System/Library/Frameworks/Carbon.framework/Versions/A/Frameworks/Help.framework/Versions/A/Help
0x00000000307c6000 	/System/Library/Frameworks/Carbon.framework/Versions/A/Frameworks/ImageCapture.framework/Versions/A/ImageCapture
0x00000000307c6000 	/System/Library/Frameworks/Carbon.framework/Versions/A/Frameworks/OpenScripting.framework/Versions/A/OpenScripting
0x00000000307c6000 	/System/Library/Frameworks/Carbon.framework/Versions/A/Frameworks/Print.framework/Versions/A/Print
0x00000000307c6000 	/System/Library/Frameworks/Carbon.framework/Versions/A/Frameworks/SecurityHI.framework/Versions/A/SecurityHI
0x000000012712f000 	/Library/Java/JavaVirtualMachines/jdk1.8.0_102.jdk/Contents/Home/jre/lib/libnet.dylib
0x000000012718e000 	/Users/Rogiel/Documents/Projects/Allogica/Allogen/cmake-build-debug/Example/Bridge/libAllogen.Example.Bridge.JNI.dylib

VM Arguments:
jvm_args: -javaagent:/Users/Rogiel/Library/Application Support/JetBrains/Toolbox/apps/IDEA-U/ch-0/171.4694.23/IntelliJ IDEA.app/Contents/lib/idea_rt.jar=51791:/Users/Rogiel/Library/Application Support/JetBrains/Toolbox/apps/IDEA-U/ch-0/171.4694.23/IntelliJ IDEA.app/Contents/bin -Dfile.encoding=UTF-8 
java_command: allogen.example.Test
java_class_path (initial): /Library/Java/JavaVirtualMachines/jdk1.8.0_102.jdk/Contents/Home/jre/lib/charsets.jar:/Library/Java/JavaVirtualMachines/jdk1.8.0_102.jdk/Contents/Home/jre/lib/deploy.jar:/Library/Java/JavaVirtualMachines/jdk1.8.0_102.jdk/Contents/Home/jre/lib/ext/cldrdata.jar:/Library/Java/JavaVirtualMachines/jdk1.8.0_102.jdk/Contents/Home/jre/lib/ext/dnsns.jar:/Library/Java/JavaVirtualMachines/jdk1.8.0_102.jdk/Contents/Home/jre/lib/ext/jaccess.jar:/Library/Java/JavaVirtualMachines/jdk1.8.0_102.jdk/Contents/Home/jre/lib/ext/jfxrt.jar:/Library/Java/JavaVirtualMachines/jdk1.8.0_102.jdk/Contents/Home/jre/lib/ext/localedata.jar:/Library/Java/JavaVirtualMachines/jdk1.8.0_102.jdk/Contents/Home/jre/lib/ext/nashorn.jar:/Library/Java/JavaVirtualMachines/jdk1.8.0_102.jdk/Contents/Home/jre/lib/ext/sunec.jar:/Library/Java/JavaVirtualMachines/jdk1.8.0_102.jdk/Contents/Home/jre/lib/ext/sunjce_provider.jar:/Library/Java/JavaVirtualMachines/jdk1.8.0_102.jdk/Contents/Home/jre/lib/ext/sunpkcs11.jar:/Library/Java/JavaVirtualMachines/jdk1.8.0_102.jdk/Contents/Home/jre/lib/ext/zipfs.jar:/Library/Java/JavaVirtualMachines/jdk1.8.0_102.jdk/Contents/Home/jre/lib/javaws.jar:/Library/Java/JavaVirtualMachines/jdk1.8.0_102.jdk/Contents/Home/jre/lib/jce.jar:/Library/Java/JavaVirtualMachines/jdk1.8.0_102.jdk/Contents/Home/jre/lib/jfr.jar:/Library/Java/JavaVirtualMachines/jdk1.8.0_102.jdk/Contents/Home/jre/lib/jfxswt.jar:/Library/Java/JavaVirtualMachines/jdk1.8.0_102.jdk/Contents/Home/jre/lib/jsse.jar:/Library/Java/JavaVirtualMachines/jdk1.8.0_102.jdk/Contents/Home/jre/lib/management-agent.jar:/Library/Java/JavaVirtualMachines/jdk1.8.0_102.jdk/Contents/Home/jre/lib/plugin.jar:/Library/Java/JavaVirtualMachines/jdk1.8.0_102.jdk/Contents/Home/jre/lib/resources.jar:/Library/Java/JavaVirtualMachines/jdk1.8.0_102.jdk/Contents/Home/jre/lib/rt.jar:/Library/Java/JavaVirtualMachines/jdk1.8.0_102.jdk/Contents/Home/lib/ant-javafx.jar:/Library/Java/JavaVirtualMachines/jdk1.8.0_102.jdk/Contents/Home
Launcher Type: SUN_STANDARD

Environment Variables:
PATH=/Users/Rogiel/narwhal/bin:/Users/Rogiel/bin/Sencha/Cmd:/usr/local/bin:/usr/bin:/bin:/usr/sbin:/sbin:/opt/X11/bin:/usr/local/share/dotnet:/Library/Frameworks/Mono.framework/Versions/Current/Commands:/Library/TeX/texbin
SHELL=/bin/bash
DISPLAY=/private/tmp/com.apple.launchd.lHJnHUuPR4/org.macosforge.xquartz:0

Signal Handlers:
SIGSEGV: [libjvm.dylib+0x5b0579], sa_mask[0]=11111111011111110111111111111111, sa_flags=SA_ONSTACK|SA_RESTART|SA_SIGINFO
SIGBUS: [libjvm.dylib+0x5b0579], sa_mask[0]=11111111011111110111111111111111, sa_flags=SA_RESTART|SA_SIGINFO
SIGFPE: [libjvm.dylib+0x4874e4], sa_mask[0]=11111111011111110111111111111111, sa_flags=SA_RESTART|SA_SIGINFO
SIGPIPE: [libjvm.dylib+0x4874e4], sa_mask[0]=11111111011111110111111111111111, sa_flags=SA_RESTART|SA_SIGINFO
SIGXFSZ: [libjvm.dylib+0x4874e4], sa_mask[0]=11111111011111110111111111111111, sa_flags=SA_RESTART|SA_SIGINFO
SIGILL: [libjvm.dylib+0x4874e4], sa_mask[0]=11111111011111110111111111111111, sa_flags=SA_RESTART|SA_SIGINFO
SIGUSR1: SIG_DFL, sa_mask[0]=00000000000000000000000000000000, sa_flags=none
SIGUSR2: [libjvm.dylib+0x487002], sa_mask[0]=00100000000000000000000000000000, sa_flags=SA_RESTART|SA_SIGINFO
SIGHUP: [libjvm.dylib+0x4855d9], sa_mask[0]=11111111011111110111111111111111, sa_flags=SA_RESTART|SA_SIGINFO
SIGINT: [libjvm.dylib+0x4855d9], sa_mask[0]=11111111011111110111111111111111, sa_flags=SA_RESTART|SA_SIGINFO
SIGTERM: [libjvm.dylib+0x4855d9], sa_mask[0]=11111111011111110111111111111111, sa_flags=SA_RESTART|SA_SIGINFO
SIGQUIT: [libjvm.dylib+0x4855d9], sa_mask[0]=11111111011111110111111111111111, sa_flags=SA_RESTART|SA_SIGINFO


---------------  S Y S T E M  ---------------

OS:Bsduname:Darwin 16.6.0 Darwin Kernel Version 16.6.0: Fri Apr 14 16:21:16 PDT 2017; root:xnu-3789.60.24~6/RELEASE_X86_64 x86_64
rlimit: STACK 8192k, CORE 0k, NPROC 709, NOFILE 10240, AS infinity
load average:3.27 3.18 2.83

CPU:total 4 (2 cores per cpu, 2 threads per core) family 6 model 42 stepping 7, cmov, cx8, fxsr, mmx, sse, sse2, sse3, ssse3, sse4.1, sse4.2, popcnt, avx, aes, clmul, ht, tsc, tscinvbit

Memory: 4k page, physical 16777216k(746428k free)

/proc/meminfo:


vm_info: Java HotSpot(TM) 64-Bit Server VM (25.102-b14) for bsd-amd64 JRE (1.8.0_102-b14), built on Jun 22 2016 11:42:36 by "java_re" with gcc 4.2.1 (Based on Apple Inc. build 5658) (LLVM build 2336.11.00)

time: Tue Jul 11 15:38:05 2017
elapsed time: 0 seconds (0d 0h 0m 0s)

